<?xml version="1.0" encoding="UTF-8"?>
<testng-results ignored="0" total="1" passed="1" failed="0" skipped="0">
  <reporter-output>
  </reporter-output>
  <suite started-at="2020-12-24T00:01:48Z" name="Default suite" finished-at="2020-12-24T00:02:02Z" duration-ms="13738">
    <groups>
    </groups>
    <test started-at="2020-12-24T00:01:48Z" name="Default test" finished-at="2020-12-24T00:02:02Z" duration-ms="13738">
      <class name="tests.LoginTest">
        <test-method is-config="true" signature="beforeMethod()[pri:0, instance:tests.LoginTest@4f5991f6]" started-at="2020-12-23T19:01:48Z" name="beforeMethod" finished-at="2020-12-23T19:02:01Z" duration-ms="12868" status="PASS">
          <reporter-output>
          </reporter-output>
        </test-method> <!-- beforeMethod -->
        <test-method signature="loginWithEmptyPassword()[pri:0, instance:tests.LoginTest@4f5991f6]" started-at="2020-12-23T19:02:01Z" name="loginWithEmptyPassword" finished-at="2020-12-23T19:02:01Z" duration-ms="638" status="PASS">
          <reporter-output>
          </reporter-output>
        </test-method> <!-- loginWithEmptyPassword -->
        <test-method is-config="true" signature="afterMethod()[pri:0, instance:tests.LoginTest@4f5991f6]" started-at="2020-12-23T19:02:01Z" name="afterMethod" finished-at="2020-12-23T19:02:02Z" duration-ms="190" status="PASS">
          <reporter-output>
          </reporter-output>
        </test-method> <!-- afterMethod -->
      </class> <!-- tests.LoginTest -->
    </test> <!-- Default test -->
  </suite> <!-- Default suite -->
</testng-results>
